# JRE version: Java(TM) SE Runtime Environment (8.0_74-b02) (build 1.8.0_74-b02)
# Java VM: Java HotSpot(TM) 64-Bit Server VM (25.74-b02 mixed mode bsd-amd64 compressed oops)
Heap:
 PSYoungGen      total 258048K, used 26905K [0x0000000795580000, 0x00000007a9580000, 0x00000007c0000000)
  eden space 232960K, 10% used [0x0000000795580000,0x0000000796da4498,0x00000007a3900000)
  from space 25088K, 8% used [0x00000007a3900000,0x00000007a3b21fd0,0x00000007a5180000)
  to   space 25600K, 0% used [0x00000007a7c80000,0x00000007a7c80000,0x00000007a9580000)
 ParOldGen       total 175104K, used 56178K [0x0000000740000000, 0x000000074ab00000, 0x0000000795580000)
  object space 175104K, 32% used [0x0000000740000000,0x00000007436dc9f0,0x000000074ab00000)
 Metaspace       used 59374K, capacity 60252K, committed 60632K, reserved 1101824K
  class space    used 7322K, capacity 7567K, committed 7680K, reserved 1048576K
GC Heap History (10 events):
Event: 8.670 GC heap before
{Heap before GC invocations=10 (full 2):
 PSYoungGen      total 214016K, used 16967K [0x0000000795580000, 0x00000007a4580000, 0x00000007c0000000)
  eden space 195072K, 0% used [0x0000000795580000,0x0000000795580000,0x00000007a1400000)
  from space 18944K, 89% used [0x00000007a2880000,0x00000007a3911d28,0x00000007a3b00000)
  to   space 20992K, 0% used [0x00000007a1400000,0x00000007a1400000,0x00000007a2880000)
 ParOldGen       total 75264K, used 30331K [0x0000000740000000, 0x0000000744980000, 0x0000000795580000)
  object space 75264K, 40% used [0x0000000740000000,0x0000000741d9eed0,0x0000000744980000)
 Metaspace       used 34682K, capacity 35304K, committed 35456K, reserved 1081344K
  class space    used 4199K, capacity 4393K, committed 4480K, reserved 1048576K
Event: 8.875 GC heap after
Heap after GC invocations=10 (full 2):
 PSYoungGen      total 214016K, used 0K [0x0000000795580000, 0x00000007a4580000, 0x00000007c0000000)
  eden space 195072K, 0% used [0x0000000795580000,0x0000000795580000,0x00000007a1400000)
  from space 18944K, 0% used [0x00000007a2880000,0x00000007a2880000,0x00000007a3b00000)
  to   space 20992K, 0% used [0x00000007a1400000,0x00000007a1400000,0x00000007a2880000)
 ParOldGen       total 125952K, used 36207K [0x0000000740000000, 0x0000000747b00000, 0x0000000795580000)
  object space 125952K, 28% used [0x0000000740000000,0x000000074235bd28,0x0000000747b00000)
 Metaspace       used 34682K, capacity 35304K, committed 35456K, reserved 1081344K
  class space    used 4199K, capacity 4393K, committed 4480K, reserved 1048576K
}
Event: 18.652 GC heap before
{Heap before GC invocations=11 (full 2):
 PSYoungGen      total 214016K, used 195072K [0x0000000795580000, 0x00000007a4580000, 0x00000007c0000000)
  eden space 195072K, 100% used [0x0000000795580000,0x00000007a1400000,0x00000007a1400000)
  from space 18944K, 0% used [0x00000007a2880000,0x00000007a2880000,0x00000007a3b00000)
  to   space 20992K, 0% used [0x00000007a1400000,0x00000007a1400000,0x00000007a2880000)
 ParOldGen       total 125952K, used 36207K [0x0000000740000000, 0x0000000747b00000, 0x0000000795580000)
  object space 125952K, 28% used [0x0000000740000000,0x000000074235bd28,0x0000000747b00000)
 Metaspace       used 41841K, capacity 42568K, committed 42752K, reserved 1087488K
  class space    used 5163K, capacity 5369K, committed 5376K, reserved 1048576K
Event: 18.678 GC heap after
Heap after GC invocations=11 (full 2):
 PSYoungGen      total 216064K, used 14768K [0x0000000795580000, 0x00000007a6900000, 0x00000007c0000000)
  eden space 195072K, 0% used [0x0000000795580000,0x0000000795580000,0x00000007a1400000)
  from space 20992K, 70% used [0x00000007a1400000,0x00000007a226c378,0x00000007a2880000)
  to   space 21504K, 0% used [0x00000007a5400000,0x00000007a5400000,0x00000007a6900000)
 ParOldGen       total 125952K, used 36215K [0x0000000740000000, 0x0000000747b00000, 0x0000000795580000)
  object space 125952K, 28% used [0x0000000740000000,0x000000074235dd28,0x0000000747b00000)
 Metaspace       used 41841K, capacity 42568K, committed 42752K, reserved 1087488K
  class space    used 5163K, capacity 5369K, committed 5376K, reserved 1048576K
}
Event: 27.155 GC heap before
{Heap before GC invocations=12 (full 2):
 PSYoungGen      total 216064K, used 197621K [0x0000000795580000, 0x00000007a6900000, 0x00000007c0000000)
  eden space 195072K, 93% used [0x0000000795580000,0x00000007a0811320,0x00000007a1400000)
  from space 20992K, 70% used [0x00000007a1400000,0x00000007a226c378,0x00000007a2880000)
  to   space 21504K, 0% used [0x00000007a5400000,0x00000007a5400000,0x00000007a6900000)
 ParOldGen       total 125952K, used 36215K [0x0000000740000000, 0x0000000747b00000, 0x0000000795580000)
  object space 125952K, 28% used [0x0000000740000000,0x000000074235dd28,0x0000000747b00000)
 Metaspace       used 58014K, capacity 58830K, committed 59096K, reserved 1101824K
  class space    used 7139K, capacity 7390K, committed 7424K, reserved 1048576K
Event: 27.197 GC heap after
Heap after GC invocations=12 (full 2):
 PSYoungGen      total 254464K, used 21493K [0x0000000795580000, 0x00000007a6a00000, 0x00000007c0000000)
  eden space 232960K, 0% used [0x0000000795580000,0x0000000795580000,0x00000007a3900000)
  from space 21504K, 99% used [0x00000007a5400000,0x00000007a68fd580,0x00000007a6900000)
  to   space 25088K, 0% used [0x00000007a3900000,0x00000007a3900000,0x00000007a5180000)
 ParOldGen       total 125952K, used 39128K [0x0000000740000000, 0x0000000747b00000, 0x0000000795580000)
  object space 125952K, 31% used [0x0000000740000000,0x00000007426360c0,0x0000000747b00000)
 Metaspace       used 58014K, capacity 58830K, committed 59096K, reserved 1101824K
  class space    used 7139K, capacity 7390K, committed 7424K, reserved 1048576K
}
Event: 27.197 GC heap before
{Heap before GC invocations=13 (full 3):
 PSYoungGen      total 254464K, used 21493K [0x0000000795580000, 0x00000007a6a00000, 0x00000007c0000000)
  eden space 232960K, 0% used [0x0000000795580000,0x0000000795580000,0x00000007a3900000)
  from space 21504K, 99% used [0x00000007a5400000,0x00000007a68fd580,0x00000007a6900000)
  to   space 25088K, 0% used [0x00000007a3900000,0x00000007a3900000,0x00000007a5180000)
 ParOldGen       total 125952K, used 39128K [0x0000000740000000, 0x0000000747b00000, 0x0000000795580000)
  object space 125952K, 31% used [0x0000000740000000,0x00000007426360c0,0x0000000747b00000)
 Metaspace       used 58014K, capacity 58830K, committed 59096K, reserved 1101824K
  class space    used 7139K, capacity 7390K, committed 7424K, reserved 1048576K
Event: 27.498 GC heap after
Heap after GC invocations=13 (full 3):
 PSYoungGen      total 254464K, used 0K [0x0000000795580000, 0x00000007a6a00000, 0x00000007c0000000)
  eden space 232960K, 0% used [0x0000000795580000,0x0000000795580000,0x00000007a3900000)
  from space 21504K, 0% used [0x00000007a5400000,0x00000007a5400000,0x00000007a6900000)
  to   space 25088K, 0% used [0x00000007a3900000,0x00000007a3900000,0x00000007a5180000)
 ParOldGen       total 175104K, used 56170K [0x0000000740000000, 0x000000074ab00000, 0x0000000795580000)
  object space 175104K, 32% used [0x0000000740000000,0x00000007436da9f0,0x000000074ab00000)
 Metaspace       used 58014K, capacity 58830K, committed 59096K, reserved 1101824K
  class space    used 7139K, capacity 7390K, committed 7424K, reserved 1048576K
}
Event: 297.361 GC heap before
{Heap before GC invocations=14 (full 3):
 PSYoungGen      total 254464K, used 232960K [0x0000000795580000, 0x00000007a6a00000, 0x00000007c0000000)
  eden space 232960K, 100% used [0x0000000795580000,0x00000007a3900000,0x00000007a3900000)
  from space 21504K, 0% used [0x00000007a5400000,0x00000007a5400000,0x00000007a6900000)
  to   space 25088K, 0% used [0x00000007a3900000,0x00000007a3900000,0x00000007a5180000)
 ParOldGen       total 175104K, used 56170K [0x0000000740000000, 0x000000074ab00000, 0x0000000795580000)
  object space 175104K, 32% used [0x0000000740000000,0x00000007436da9f0,0x000000074ab00000)
 Metaspace       used 59071K, capacity 59866K, committed 60248K, reserved 1101824K
  class space    used 7276K, capacity 7520K, committed 7552K, reserved 1048576K
Event: 297.366 GC heap after
Heap after GC invocations=14 (full 3):
 PSYoungGen      total 258048K, used 2183K [0x0000000795580000, 0x00000007a9580000, 0x00000007c0000000)
  eden space 232960K, 0% used [0x0000000795580000,0x0000000795580000,0x00000007a3900000)
  from space 25088K, 8% used [0x00000007a3900000,0x00000007a3b21fd0,0x00000007a5180000)
  to   space 25600K, 0% used [0x00000007a7c80000,0x00000007a7c80000,0x00000007a9580000)
 ParOldGen       total 175104K, used 56178K [0x0000000740000000, 0x000000074ab00000, 0x0000000795580000)
  object space 175104K, 32% used [0x0000000740000000,0x00000007436dc9f0,0x000000074ab00000)
 Metaspace       used 59071K, capacity 59866K, committed 60248K, reserved 1101824K
  class space    used 7276K, capacity 7520K, committed 7552K, reserved 1048576K
}

